\BOOKMARK [1][]{section.1}{\376\377\116\000\060\001\000\040\225\356\230\230\221\315\217\360}{}% 1
\BOOKMARK [2][]{subsection.1.1}{\376\377\0001\000.\0001\000\040\225\356\230\230\200\314\146\157}{section.1}% 2
\BOOKMARK [2][]{subsection.1.2}{\376\377\0001\000.\0002\000\040\225\356\230\230\143\320\121\372}{section.1}% 3
\BOOKMARK [1][]{section.2}{\376\377\116\214\060\001\000\040\225\356\230\230\122\006\147\220}{}% 4
\BOOKMARK [2][]{subsection.2.1}{\376\377\0002\000.\0001\000\040\225\356\230\230\116\000\166\204\122\006\147\220}{section.2}% 5
\BOOKMARK [2][]{subsection.2.2}{\376\377\0002\000.\0002\000\040\225\356\230\230\116\214\166\204\122\006\147\220}{section.2}% 6
\BOOKMARK [2][]{subsection.2.3}{\376\377\0002\000.\0003\000\040\225\356\230\230\116\011\166\204\122\006\147\220}{section.2}% 7
\BOOKMARK [1][]{section.3}{\376\377\116\011\060\001\000\040\152\041\127\213\166\204\120\107\213\276\116\016\173\046\123\367\213\364\146\016}{}% 8
\BOOKMARK [2][]{subsection.3.1}{\376\377\0003\000.\0001\000\040\173\046\123\367\213\364\146\016}{section.3}% 9
\BOOKMARK [2][]{subsection.3.2}{\376\377\0003\000.\0002\000\040\127\372\147\054\120\107\213\276}{section.3}% 10
\BOOKMARK [1][]{section.4}{\376\377\126\333\060\001\000\040\152\041\127\213\166\204\136\372\172\313\116\016\154\102\211\343}{}% 11
\BOOKMARK [2][]{subsection.4.1}{\376\377\0004\000.\0001\000\040\225\356\230\230\116\000\152\041\127\213\166\204\136\372\172\313\116\016\154\102\211\343}{section.4}% 12
\BOOKMARK [3][]{subsubsection.4.1.1}{\376\377\0004\000.\0001\000.\0001\000\040\121\263\173\126\137\161\124\315\126\340\175\040\123\312\121\166\137\161\124\315\147\072\164\006\166\204\122\006\147\220}{subsection.4.1}% 13
\BOOKMARK [3][]{subsubsection.4.1.2}{\376\377\0004\000.\0001\000.\0002\000\040\117\341\215\067\230\316\226\151\213\304\116\367\152\041\127\213}{subsection.4.1}% 14
\BOOKMARK [3][]{subsubsection.4.1.3}{\376\377\0004\000.\0001\000.\0003\000\040\133\211\121\150\230\235\136\246\152\041\127\213}{subsection.4.1}% 15
\BOOKMARK [3][]{subsubsection.4.1.4}{\376\377\0004\000.\0001\000.\0004\000\040\121\263\173\126\152\041\127\213\166\204\136\372\172\313\116\016\224\366\210\114\121\263\173\126\166\204\170\156\133\232}{subsection.4.1}% 16
\BOOKMARK [2][]{subsection.4.2}{\376\377\0004\000.\0002\000\040\225\356\230\230\116\214\152\041\127\213\166\204\136\372\172\313\116\016\154\102\211\343}{section.4}% 17
\BOOKMARK [3][]{subsubsection.4.2.1}{\376\377\0004\000.\0002\000.\0001\000\040\152\041\127\213\136\372\172\313}{subsection.4.2}% 18
\BOOKMARK [3][]{subsubsection.4.2.2}{\376\377\0004\000.\0002\000.\0002\000\040\152\041\127\213\154\102\211\343\176\323\147\234}{subsection.4.2}% 19
\BOOKMARK [2][]{subsection.4.3}{\376\377\0004\000.\0003\000\040\225\356\230\230\116\011\152\041\127\213\166\204\136\372\172\313\116\016\154\102\211\343}{section.4}% 20
\BOOKMARK [3][]{subsubsection.4.3.1}{\376\377\0004\000.\0003\000.\0001\000\040\145\260\121\240\165\305\153\322\165\253\140\305\133\371\124\004\210\114\116\032\166\204\137\161\124\315}{subsection.4.3}% 21
\BOOKMARK [3][]{subsubsection.4.3.2}{\376\377\0004\000.\0003\000.\0002\000\040\136\372\172\313\145\260\121\240\165\253\140\305\117\341\215\067\173\126\165\145\214\003\145\164}{subsection.4.3}% 22
\BOOKMARK [1][]{section.5}{\376\377\116\224\060\001\000\040\152\041\127\213\166\204\117\030\177\072\160\271}{}% 23
\BOOKMARK [2][]{subsection.5.1}{\376\377\0005\000.\0001\000\040\152\041\127\213\166\204\117\030\160\271}{section.5}% 24
\BOOKMARK [2][]{subsection.5.2}{\376\377\0005\000.\0002\000\040\152\041\127\213\166\204\177\072\160\271}{section.5}% 25
\BOOKMARK [1][]{section.6}{\376\377\121\155\060\001\000\040\152\041\127\213\166\204\143\250\136\177\116\016\145\071\217\333\145\271\124\021}{}% 26
\BOOKMARK [2][]{subsection.6.1}{\376\377\0006\000.\0001\000\040\152\041\127\213\166\204\145\071\217\333\145\271\124\021}{section.6}% 27
\BOOKMARK [2][]{subsection.6.2}{\376\377\0006\000.\0002\000\040\152\041\127\213\166\204\143\250\136\177}{section.6}% 28
\BOOKMARK [1][]{section*.18}{\376\377\123\302\200\003\145\207\163\056}{}% 29
\BOOKMARK [1][]{appendix.a.A}{\376\377\226\104\137\125\000\040\000A\000\040\225\356\230\230\116\000\377\032\000A\000H\000P\000.\000m}{}% 30
\BOOKMARK [1][]{appendix.a.B}{\376\377\226\104\137\125\000\040\000B\000\040\225\356\230\230\116\000\377\032\000A\000H\000P\0001\000.\000m}{}% 31
\BOOKMARK [1][]{appendix.a.C}{\376\377\226\104\137\125\000\040\000C\000\040\225\356\230\230\116\000\377\032\000A\000H\000P\000r\000e\000l\000a\000t\000i\000o\000n\000.\000m}{}% 32
\BOOKMARK [1][]{appendix.a.D}{\376\377\226\104\137\125\000\040\000D\000\040\225\356\230\230\116\000\377\032\000A\000H\000P\000r\000i\000s\000k\000.\000m}{}% 33
\BOOKMARK [1][]{appendix.a.E}{\376\377\226\104\137\125\000\040\000E\000\040\225\356\230\230\116\000\377\032\000A\000H\000P\000s\000t\000r\000e\000n\000g\000t\000h\000.\000m}{}% 34
\BOOKMARK [1][]{appendix.a.F}{\376\377\226\104\137\125\000\040\000F\000\040\225\356\230\230\116\000\377\032\000f\000u\000n\0001\000.\000m}{}% 35
\BOOKMARK [1][]{appendix.a.G}{\376\377\226\104\137\125\000\040\000G\000\040\225\356\230\230\116\000\377\032\000f\000u\000n\0002\000.\000m}{}% 36
\BOOKMARK [1][]{appendix.a.H}{\376\377\226\104\137\125\000\040\000H\000\040\225\356\230\230\116\000\377\032\000f\000u\000n\0003\000.\000m}{}% 37
\BOOKMARK [1][]{appendix.a.I}{\376\377\226\104\137\125\000\040\000I\000\040\225\356\230\230\116\000\377\032\000t\000e\000s\000t\000.\000m}{}% 38
\BOOKMARK [1][]{appendix.a.J}{\376\377\226\104\137\125\000\040\000J\000\040\225\356\230\230\116\000\377\032\217\157\116\366\144\315\117\134\217\307\172\013}{}% 39
\BOOKMARK [1][]{appendix.a.K}{\376\377\226\104\137\125\000\040\000K\000\040\225\356\230\230\116\214\377\032\000z\000h\000e\000n\000g\000t\000a\000i\000.\000m}{}% 40
\BOOKMARK [1][]{appendix.a.L}{\376\377\226\104\137\125\000\040\000L\000\040\000m\000o\000d\000e\000l\000.\000p\000y}{}% 41
